<?xml version="1.0" encoding="UTF-8"?>
<testsuite name="TestSuite" time="22.417" tests="1" errors="0" skipped="0" failures="1">
  <properties>
[...]
</properties>
  <testcase name="ADBShellMonkeyTest" classname="com.qa.tests.MonkeyADBShell" time="22.417">
    <failure message="An unknown server-side error occurred while processing the command. Original error: Cannot execute the &apos;monkey &apos; shell command. Original error: Command &apos;C:\\Users\\Charlie_Pradeep\\AppData\\Local\\Android\\Sdk\\platform-tools\\adb.exe -P 5037 -s emulator-5554 shell &apos;monkey &apos; -p br.com.golmobile.nypost.dev -v 1000 --throttle 5000 -c android.intent.category.MONKEY -c android.intent.category.LAUNCHER c android.intent.category.DEFAULT --monitor-native-crashes --kill-process-after-error --pct-syskeys 0 --pct-appswitch 0 --pct-majornav 50 -v -v -v&apos; timed out after 20000ms. StdOut:   bash arg: -p&#10;  bash arg: br.com.golmobile.nypost.dev&#10;  bash arg: -v&#10;  bash arg: 1000&#10;  bash arg: --throttle&#10;  bash arg: 5000&#10;  bash arg: -c&#10;  bash arg: android.intent.category.MONKEY&#10;  bash arg: -c&#10;  bash arg: android.intent.category.LAUNCHER&#10;  bash arg: c&#10;  bash arg: android.intent.category.DEFAULT&#10;  bash arg: --monitor-native-crashes&#10;  bash arg: --kill-process-after-error&#10;  bash arg: --pct-syskeys&#10;  bash arg: 0&#10;  bash arg: --pct-appswitch&#10;  bash arg: 0&#10;  bash arg: --pct-majornav&#10;  bash arg: 50&#10;  bash arg: -v&#10;  bash arg: -v&#10;  bash arg: -v&#10;:Monkey: seed=1639954013719 count=1000&#10;:AllowPackage: br.com.golmobile.nypost.dev&#10;:IncludeCategory: android.intent.category.LAUNCHER&#10;:IncludeCategory: android.intent.category.MONKEY&#10;// Event percentages:&#10;//   0: 15.0%&#10;//   1: 10.0%&#10;//   2: 2.0%&#10;//   3: 15.0%&#10;//   4: -0.0%&#10;//   5: -0.0%&#10;//   6: 25.0%&#10;//   7: 15.0%&#10;//   8: 2.0%&#10;//   9: 2.0%&#10;//   10: 1.0%&#10;//   11: 13.0%&#10;:Switch: #Intent;action=android.intent.action.MAIN;category=android.intent.category.LAUNCHER;launchFlags=0x10200000;component=br.com.golmobile.nypost.dev/com.wizeline.nypost.ui.NYPMainActivity;end&#10;    // Allowing start of Intent { act=android.intent.action.MAIN cat=[android.intent.category.LAUNCHER] cmp=br.com.golmobile.nypost.dev/com.wizeline.nypost.ui.NYPMainActivity } in package br.com.golmobile.nypost.dev&#10;:Sending Touch (ACTION_DOWN): 0:(919.0,1285.0)&#10;:Sending Touch (ACTION_UP): 0:(917.0105,1269.2898)&#10;:Sending Touch (ACTION_DOWN): 0:(940.0,698.0)&#10;:Sending Touch (ACTION_UP): 0:(940.7996,707.2689)&#10;:Sending Trackball (ACTION_MOVE): 0:(-3.0,2.0)&#10;:Sending Touch (ACTION_DOWN): 0:(481.0,261.0)&#10;:Sending Touch (ACTION_UP): 0:(395.74133,226.64775)&#10;:Sending Touch (ACTION_DOWN): 0:(154.0,149.0)&#10;:Sending Touch (ACTION_UP): 0:(86.553894,98.95891)&#10;:Sending Touch (ACTION_DOWN): 0:(570.0,923.0)&#10;:Sending Touch (ACTION_UP): 0:(582.83167,922.0505)&#10;:Sending Trackball (ACTION_MOVE): 0:(-3.0,4.0)&#10;:Sending Touch (ACTION_DOWN): 0:(897.0,1180.0)&#10;:Sending Touch (ACTION_UP): 0:(825.2582,1218.4241)&#10;:Sending Touch (ACTION_DOWN): 0:(425.0,1027.0)&#10;:Sending Touch (ACTION_UP): 0:(417.16284,1079.2915)&#10;:Sending Trackball (ACTION_MOVE): 0:(4.0,0.0)&#10;:Sending Trackball (ACTION_MOVE): 0:(1.0,0.0)&#10;    //[calendar_time:2021-12-17 12:32:22.052  system_uptime:212704515]&#10;    // Sending event #100&#10;    // Allowing start of Intent { act=android.intent.action.MAIN cat=[android.intent.category.HOME] cmp=com.android.launcher3/.uioverrides.QuickstepLauncher } in package com.android.launcher3&#10;    // Injection Failed&#10;:Sending Touch (ACTION_DOWN): 0:(1038.0,85.0)&#10;:Sending Touch (ACTION_UP): 0:(1038.7297,81.26516)&#10;:Sending Touch (ACTION_DOWN): 0:(1047.0,14.0)&#10;:Sending Touch (ACTION_UP): 0:(1049.008,9.752995)&#10;:Sending Flip keyboardOpen=false&#10;Got IOException performing flipjava.io.FileNotFoundException: /dev/input/event0: open failed: EACCES (Permission denied)&#10;    // Injection Failed&#10;:Sending Touch (ACTION_DOWN): 0:(45.0,939.0)&#10;:Sending Touch (ACTION_UP): 0:(92.30261,891.499)&#10;:Sending Touch (ACTION_DOWN): 0:(612.0,62.0)&#10;:Sending Touch (ACTION_UP): 0:(612.3767,59.490993)&#10;:Sending Touch (ACTION_DOWN): 0:(383.0,610.0)&#10;:Sending Touch (ACTION_UP): 0:(376.47058,628.54535)&#10;:Sending Touch (ACTION_DOWN): 0:(515.0,1282.0)&#10;:Sending Touch (ACTION_UP): 0:(410.34024,1298.6992)&#10;:Sending Touch (ACTION_DOWN): 0:(1023.0,329.0)&#10;:Sending Touch (ACTION_UP): 0:(1024.9927,333.04596)&#10;:Sending Touch (ACTION_DOWN): 0:(744.0,65.0)&#10;:Sending Touch (ACTION_UP): 0:(748.1548,73.220345)&#10;:Sending Touch (ACTION_DOWN): 0:(754.0,181.0)&#10;:Sending Touch (ACTION_UP): 0:(747.0393,176.60425)&#10;:Sending Touch (ACTION_DOWN): 0:(812.0,835.0)&#10;:Sending Touch (ACTION_UP): 0:(796.41406,835.214)&#10;:Sending Touch (ACTION_DOWN): 0:(748.0,630.0)&#10;:Sending Touch (ACTION_UP): 0:(745.79614,629.9874)&#10;:Sending Touch (ACTION_DOWN): 0:(427.0,751.0)&#10;:Sending Touch (ACTION_UP): 0:(426.98434,761.1338)&#10;:Sending Touch (ACTION_DOWN): 0:(638.0,311.0)&#10;:Sending Touch (ACTION_UP): 0:(573.9568,385.7638)&#10;:Sending Trackball (ACTION_MOVE): 0:(-4.0,3.0)&#10;    //[calendar_time:2021-12-17 12:32:27.961  system_uptime:212710369]&#10;    // Sending event #200&#10;    //[calendar_time:2021-12-17 12:32:27.961  system_uptime:212710369]&#10;    // Sending event #200&#10;:Sending Touch (ACTION_DOWN): 0:(874.0,538.0)&#10;:Sending Touch (ACTION_UP): 0:(977.3788,589.39246)&#10;:Sending Touch (ACTION_DOWN): 0:(445.0,1043.0)&#10;:Sending Touch (ACTION_UP): 0:(446.40344,1041.8094)&#10;:Sending Touch (ACTION_DOWN): 0:(492.0,1241.0)&#10;:Sending Touch (ACTION_UP): 0:(498.40677,1244.3137)&#10;    // Allowing start of Intent { act=android.intent.action.MAIN cat=[android.intent.category.HOME] pkg=com.android.launcher3 cmp=com.android.launcher3/.uioverrides.QuickstepLauncher } in package com.android.launcher3&#10;:Sending Touch (ACTION_DOWN): 0:(677.0,909.0)&#10;:Sending Touch (ACTION_UP): 0:(678.7806,908.9312)&#10;:Sending Touch (ACTION_DOWN): 0:(803.0,706.0)&#10;:Sending Touch (ACTION_UP): 0:(796.9774,699.99066)&#10;:Sending Touch (ACTION_DOWN): 0:(125.0,1557.0)&#10;:Sending Touch (ACTION_UP): 0:(128.73573,1562.968)&#10;:Sending Touch (ACTION_DOWN): 0:(591.0,493.0)&#10;:Sending Touch (ACTION_UP): 0:(587.21313,412.16757)&#10;:Sending Touch (ACTION_DOWN): 0:(17.0,206.0)&#10;:Sending Touch (ACTION_UP): 0:(0.0,69.345955)&#10;:Sending Touch (ACTION_DOWN): 0:(274.0,1149.0)&#10;:Sending Touch (ACTION_UP): 0:(281.7723,1150.0463)&#10;:Sending Touch (ACTION_DOWN): 0:(984.0,113.0)&#10;:Sending Touch (ACTION_UP): 0:(978.7401,116.547554)&#10;:Sending Touch (ACTION_DOWN): 0:(387.0,1631.0)&#10;:Sending Touch (ACTION_UP): 0:(370.20013,1676.6183)&#10;:Sending Touch (ACTION_DOWN): 0:(656.0,1213.0)&#10;:Sending Touch (ACTION_UP): 0:(627.87415,1268.3038)&#10;    // Rejecting start of Intent { act=android.settings.NOTIFICATION_SETTINGS cmp=com.android.settings/.Settings$ConfigureNotificationSettingsActivity } in package com.android.settings&#10;:Sending Touch (ACTION_DOWN): 0:(703.0,408.0)&#10;:Sending Touch (ACTION_UP): 0:(702.2964,407.28763)&#10;:Switch: #Intent;action=android.intent.action.MAIN;category=android.intent.category.LAUNCHER;launchFlags=0x10200000;component=br.com.golmobile.nypost.dev/com.wizeline.nypost.ui.NYPMainActivity;end&#10;    // Allowing start of Intent { act=android.intent.action.MAIN cat=[android.intent.category.LAUNCHER] cmp=br.com.golmobile.nypost.dev/com.wizeline.nypost.ui.NYPMainActivity } in package br.com.golmobile.nypost.dev&#10;    //[calendar_time:2021-12-17 12:32:30.124  system_uptime:212712532]&#10;    // Sending event #300&#10;    //[calendar_time:2021-12-17 12:32:30.131  system_uptime:212712539]&#10;    // Sending event #300&#10;:Sending Touch (ACTION_DOWN): 0:(986.0,843.0)&#10;:Sending Touch (ACTION_UP): 0:(987.51917,842.5119)&#10;:Switch: #Intent;action=android.intent.action.MAIN;category=android.intent.category.LAUNCHER;launchFlags=0x10200000;component=br.com.golmobile.nypost.dev/com.wizeline.nypost.ui.NYPMainActivity;end&#10;    // Allowing start of Intent { act=android.intent.action.MAIN cat=[android.intent.category.LAUNCHER] cmp=br.com.golmobile.nypost.dev/com.wizeline.nypost.ui.NYPMainActivity } in package br.com.golmobile.nypost.dev&#10;:Sending Touch (ACTION_DOWN): 0:(87.0,361.0)&#10;:Sending Touch (ACTION_UP): 0:(9.920967,298.42303)&#10;:Sending Trackball (ACTION_MOVE): 0:(-1.0,1.0)&#10;:Sending Trackball (ACTION_MOVE): 0:(3.0,3.0)&#10;:Sending Touch (ACTION_DOWN): 0:(586.0,873.0)&#10;:Sending Touch (ACTION_UP): 0:(585.75964,874.5579)&#10;:Sending Trackball (ACTION_MOVE): 0:(-3.0,-3.0)&#10;:Sending Trackball (ACTION_UP): 0:(0.0,0.0)&#10;:Sending Touch (ACTION_DOWN): 0:(921.0,1296.0)&#10;:Sending Touch (ACTION_UP): 0:(939.6377,1383.5833)&#10;:Sending Touch (ACTION_DOWN): 0:(630.0,1083.0)&#10;:Sending Touch (ACTION_UP): 0:(607.83264,1084.5614)&#10;:Sending Trackball (ACTION_MOVE): 0:(-5.0,4.0)&#10;:Sending Trackball (ACTION_MOVE): 0:(1.0,2.0)&#10;    //[calendar_time:2021-12-17 12:32:32.056  system_uptime:212714464]&#10;    // Sending event #400&#10;:Sending Touch (ACTION_DOWN): 0:(753.0,382.0)&#10;:Sending Touch (ACTION_UP): 0:(679.8366,343.2926)&#10;    // Rejecting start of Intent { act=android.intent.action.CALL_BUTTON cmp=com.android.dialer/.main.impl.MainActivity } in package com.android.dialer&#10;:Sending Trackball (ACTION_MOVE): 0:(1.0,0.0)&#10;:Sending Trackball (ACTION_MOVE): 0:(2.0,-2.0)&#10;:Sending Touch (ACTION_DOWN): 0:(557.0,1151.0)&#10;:Sending Touch (ACTION_UP): 0:(543.64874,1178.0822)&#10;:Sending Touch (ACTION_DOWN): 0:(68.0,668.0)&#10;:Sending Touch (ACTION_UP): 0:(63.025856,651.3897)&#10;:Sending Touch (ACTION_DOWN): 0:(351.0,1272.0)&#10;:Sending Touch (ACTION_UP): 0:(344.94452,1282.7794)&#10;:Sending Touch (ACTION_DOWN): 0:(113.0,1191.0)&#10;:Sending Touch (ACTION_UP): 0:(63.1027,1144.6647)&#10;:Sending Touch (ACTION_DOWN): 0:(530.0,250.0)&#10;:Sending Touch (ACTION_UP): 0:(533.65155,250.34888)&#10;    // Rejecting start of Intent { act=android.settings.NOTIFICATION_SETTINGS cmp=com.android.settings/.Settings$ConfigureNotificationSettingsActivity } in package com.android.settings&#10;:Sending Trackball (ACTION_MOVE): 0:(-3.0,1.0)&#10;:Sending Touch (ACTION_DOWN): 0:(240.0,928.0)&#10;:Sending Touch (ACTION_UP): 0:(284.55878,966.1404)&#10;    //[calendar_time:2021-12-17 12:32:33.353  system_uptime:212715761]&#10;    // Sending event #500&#10;    //[calendar_time:2021-12-17 12:32:33.355  system_uptime:212715763]&#10;    // Sending event #500&#10;:Sending Touch (ACTION_DOWN): 0:(400.0,1381.0)&#10;:Sending Touch (ACTION_UP): 0:(400.0167,1383.7393)&#10;:Sending Touch (ACTION_DOWN): 0:(859.0,40.0)&#10;:Sending Touch (ACTION_UP): 0:(894.49554,0.0)&#10;:Sending Trackball (ACTION_MOVE): 0:(3.0,2.0)&#10;:Sending Trackball (ACTION_MOVE): 0:(3.0,1.0)&#10;:Sending Touch (ACTION_DOWN): 0:(944.0,1029.0)&#10;:Sending Touch (ACTION_UP): 0:(970.48895,988.95624)&#10;:Sending Trackball (ACTION_MOVE): 0:(2.0,-2.0)&#10;:Switch: #Intent;action=android.intent.action.MAIN;category=android.intent.category.LAUNCHER;launchFlags=0x10200000;component=br.com.golmobile.nypost.dev/com.wizeline.nypost.ui.NYPMainActivity;end&#10;    // Allowing start of Intent { act=android.intent.action.MAIN cat=[android.intent.category.LAUNCHER] cmp=br.com.golmobile.nypost.dev/com.wizeline.nypost.ui.NYPMainActivity } in package br.com.golmobile.nypost.dev&#10;:Sending Trackball (ACTION_MOVE): 0:(-1.0,2.0)&#10;:Sending Touch (ACTION_DOWN): 0:(718.0,10.0)&#10;:Sending Touch (ACTION_UP): 0:(711.06854,5.473607)&#10;:Sending Touch (ACTION_DOWN): 0:(722.0,313.0)&#10;:Sending Touch (ACTION_UP): 0:(722.01733,312.27603)&#10;:Sending Trackball (ACTION_MOVE): 0:(4.0,4.0)&#10;    //[calendar_time:2021-12-17 12:32:34.337  system_uptime:212716746]&#10;    // Sending event #600&#10;:Sending Trackball (ACTION_UP): 0:(0.0,0.0)&#10;:Switch: #Intent;action=android.intent.action.MAIN;category=android.intent.category.LAUNCHER;launchFlags=0x10200000;component=br.com.golmobile.nypost.dev/com.wizeline.nypost.ui.NYPMainActivity;end&#10;    // Allowing start of Intent { act=android.intent.action.MAIN cat=[android.intent.category.LAUNCHER] cmp=br.com.golmobile.nypost.dev/com.wizeline.nypost.ui.NYPMainActivity } in package br.com.golmobile.nypost.dev&#10;:Sending Touch (ACTION_DOWN): 0:(550.0,286.0)&#10;:Sending Touch (ACTION_UP): 0:(510.2504,268.91333)&#10;:Sending Touch (ACTION_DOWN): 0:(955.0,1365.0)&#10;:Sending Touch (ACTION_UP): 0:(937.52527,1378.7383)&#10;:Sending Trackball (ACTION_MOVE): 0:(0.0,-3.0)&#10;:Sending Touch (ACTION_DOWN): 0:(513.0,409.0)&#10;:Sending Touch (ACTION_UP): 0:(466.51505,377.188)&#10;:Sending Touch (ACTION_DOWN): 0:(743.0,1704.0)&#10;:Sending Touch (ACTION_UP): 0:(739.21545,1721.1368)&#10;:Sending Trackball (ACTION_MOVE): 0:(-1.0,3.0)&#10;:Sending Trackball (ACTION_MOVE): 0:(2.0,-4.0)&#10;:Sending Trackball (ACTION_MOVE): 0:(-3.0,-3.0)&#10;    //[calendar_time:2021-12-17 12:32:35.243  system_uptime:212717652]&#10;    // Sending event #700&#10;    //[calendar_time:2021-12-17 12:32:35.244  system_uptime:212717652]&#10;    // Sending event #700&#10;:Sending Trackball (ACTION_MOVE): 0:(-3.0,-3.0)&#10;:Sending Touch (ACTION_DOWN): 0:(984.0,253.0)&#10;:Sending Touch (ACTION_UP): 0:(983.88025,252.70755)&#10;:Sending Trackball (ACTION_MOVE): 0:(0.0,-5.0)&#10;:Sending Trackball (ACTION_MOVE): 0:(-5.0,-3.0)&#10;:Sending Touch (ACTION_DOWN): 0:(917.0,669.0)&#10;:Sending Touch (ACTION_UP): 0:(933.7345,656.33014)&#10;:Sending Trackball (ACTION_MOVE): 0:(3.0,3.0)&#10;:Sending Trackball (ACTION_MOVE): 0:(1.0,-3.0)&#10;:Sending Touch (ACTION_DOWN): 0:(452.0,915.0)&#10;:Sending Touch (ACTION_UP): 0:(449.89673,922.8347)&#10;:Sending Touch (ACTION_DOWN): 0:(780.0,1168.0)&#10;:Sending Touch (ACTION_UP): 0:(765.6594,1171.5577)&#10;:Sending Trackball (ACTION_MOVE): 0:(-1.0,-3.0)&#10;:Sending Touch (ACTION_DOWN): 0:(492.0,1334.0)&#10;:Sending Touch (ACTION_UP): 0:(491.1367,1334.8555)&#10;:Sending Trackball (ACTION_MOVE): 0:(2.0,1.0)&#10;:Sending Trackball (ACTION_MOVE): 0:(1.0,1.0)&#10;    //[calendar_time:2021-12-17 12:32:36.521  system_uptime:212718929]&#10;    // Sending event #800&#10;:Sending Trackball (ACTION_MOVE): 0:(0.0,1.0)&#10;:Sending Touch (ACTION_DOWN): 0:(670.0,480.0)&#10;:Sending Touch (ACTION_UP): 0:(676.47314,461.0851)&#10;:Sending Touch (ACTION_DOWN): 0:(198.0,66.0)&#10;:Sending Touch (ACTION_UP): 0:(203.04865,51.957626)&#10;:Sending Trackball (ACTION_MOVE): 0:(-3.0,-5.0)&#10;:Sending Touch (ACTION_DOWN): 0:(683.0,478.0)&#10;:Sending Touch (ACTION_UP): 0:(680.6222,475.39822)&#10;:Sending Touch (ACTION_DOWN): 0:(877.0,7.0)&#10;:Sending Touch (ACTION_UP): 0:(877.2668,0.0)&#10;:Sending Touch (ACTION_DOWN): 0:(874.0,258.0)&#10;:Sending Touch (ACTION_UP): 0:(876.536,257.37534)&#10;:Sending Touch (ACTION_DOWN): 0:(315.0,1260.0)&#10;:Sending Touch (ACTION_UP): 0:(315.06998,1253.5671)&#10;:Sending Touch (ACTION_DOWN): 0:(936.0,1076.0)&#10;:Sending Touch (ACTION_UP): 0:(908.4704,1006.94)&#10;:Sending Touch (ACTION_DOWN): 0:(981.0,1502.0)&#10;:Sending Touch (ACTION_UP): 0:(984.8766,1500.6393)&#10;:Sending Trackball (ACTION_MOVE): 0:(2.0,-2.0)&#10;:Sending Touch (ACTION_DOWN): 0:(883.0,772.0)&#10;:Sending Touch (ACTION_UP): 0:(883.1881,773.5955)&#10;:Sending Trackball (ACTION_MOVE): 0:(0.0,0.0)&#10;    //[calendar_time:2021-12-17 12:32:37.972  system_uptime:212720381]&#10;    // Sending event #900&#10;. StdErr: args: [-p, br.com.golmobile.nypost.dev, -v, 1000, --throttle, 5000, -c, android.intent.category.MONKEY, -c, android.intent.category.LAUNCHER, c, android.intent.category.DEFAULT, --monitor-native-crashes, --kill-process-after-error, --pct-syskeys, 0, --pct-appswitch, 0, --pct-majornav, 50, -v, -v, -v]&#10; arg: &quot;-p&quot;&#10; arg: &quot;br.com.golmobile.nypost.dev&quot;&#10; arg: &quot;-v&quot;&#10; arg: &quot;1000&quot;&#10; arg: &quot;--throttle&quot;&#10; arg: &quot;5000&quot;&#10; arg: &quot;-c&quot;&#10; arg: &quot;android.intent.category.MONKEY&quot;&#10; arg: &quot;-c&quot;&#10; arg: &quot;android.intent.category.LAUNCHER&quot;&#10; arg: &quot;c&quot;&#10; arg: &quot;android.intent.category.DEFAULT&quot;&#10; arg: &quot;--monitor-native-crashes&quot;&#10; arg: &quot;--kill-process-after-error&quot;&#10; arg: &quot;--pct-syskeys&quot;&#10; arg: &quot;0&quot;&#10; arg: &quot;--pct-appswitch&quot;&#10; arg: &quot;0&quot;&#10; arg: &quot;--pct-majornav&quot;&#10; arg: &quot;50&quot;&#10; arg: &quot;-v&quot;&#10; arg: &quot;-v&quot;&#10; arg: &quot;-v&quot;&#10;data=&quot;br.com.golmobile.nypost.dev&quot;&#10;&#10;Build info: version: &apos;3.141.59&apos;, revision: &apos;e82be7d358&apos;, time: &apos;2018-11-14T08:17:03&apos;&#10;System info: host: &apos;EPINCHEW000B&apos;, ip: &apos;192.168.0.116&apos;, os.name: &apos;Windows 10&apos;, os.arch: &apos;amd64&apos;, os.version: &apos;10.0&apos;, java.version: &apos;15.0.2&apos;&#10;Driver info: io.appium.java_client.android.AndroidDriver&#10;Capabilities {app: C:\Users\Charlie_Pradeep\Do..., appPackage: br.com.golmobile.nypost.dev, appWaitForLaunch: true, autoGrantPermissions: true, automationName: UiAutomator2, avd: New_Device_API_30, avdLaunchTimeout: 200000, databaseEnabled: false, desired: {app: C:\Users\Charlie_Pradeep\Do..., appPackage: br.com.golmobile.nypost.dev, appWaitForLaunch: true, autoGrantPermissions: true, automationName: UiAutomator2, avd: New_Device_API_30, avdLaunchTimeout: 200000, deviceName: New_Device_API_30, platformName: android, udid: emulator-5554}, deviceApiLevel: 30, deviceManufacturer: unknown, deviceModel: Android SDK built for x86, deviceName: emulator-5554, deviceScreenDensity: 480, deviceScreenSize: 1080x1920, deviceUDID: emulator-5554, javascriptEnabled: true, locationContextEnabled: false, networkConnectionEnabled: true, pixelRatio: 3, platform: LINUX, platformName: Android, platformVersion: 11, statBarHeight: 72, takesScreenshot: true, udid: emulator-5554, viewportRect: {height: 1704, left: 0, top: 72, width: 1080}, warnings: {}, webStorageEnabled: false}&#10;Session ID: a368270c-0691-4fa3-866d-ded9831de978" type="org.openqa.selenium.WebDriverException">org.openqa.selenium.WebDriverException: An unknown server-side error occurred while processing the command. Original error: Cannot execute the 'monkey ' shell command. Original error: Command 'C:\\Users\\Charlie_Pradeep\\AppData\\Local\\Android\\Sdk\\platform-tools\\adb.exe -P 5037 -s emulator-5554 shell 'monkey ' -p br.com.golmobile.nypost.dev -v 1000 --throttle 5000 -c android.intent.category.MONKEY -c android.intent.category.LAUNCHER c android.intent.category.DEFAULT --monitor-native-crashes --kill-process-after-error --pct-syskeys 0 --pct-appswitch 0 --pct-majornav 50 -v -v -v' timed out after 20000ms. StdOut:   bash arg: -p
  bash arg: br.com.golmobile.nypost.dev
  bash arg: -v
  bash arg: 1000
  bash arg: --throttle
  bash arg: 5000
  bash arg: -c
  bash arg: android.intent.category.MONKEY
  bash arg: -c
  bash arg: android.intent.category.LAUNCHER
  bash arg: c
  bash arg: android.intent.category.DEFAULT
  bash arg: --monitor-native-crashes
  bash arg: --kill-process-after-error
  bash arg: --pct-syskeys
  bash arg: 0
  bash arg: --pct-appswitch
  bash arg: 0
  bash arg: --pct-majornav
  bash arg: 50
  bash arg: -v
  bash arg: -v
  bash arg: -v
:Monkey: seed=1639954013719 count=1000
:AllowPackage: br.com.golmobile.nypost.dev
:IncludeCategory: android.intent.category.LAUNCHER
:IncludeCategory: android.intent.category.MONKEY
// Event percentages:
//   0: 15.0%
//   1: 10.0%
//   2: 2.0%
//   3: 15.0%
//   4: -0.0%
//   5: -0.0%
//   6: 25.0%
//   7: 15.0%
//   8: 2.0%
//   9: 2.0%
//   10: 1.0%
//   11: 13.0%
:Switch: #Intent;action=android.intent.action.MAIN;category=android.intent.category.LAUNCHER;launchFlags=0x10200000;component=br.com.golmobile.nypost.dev/com.wizeline.nypost.ui.NYPMainActivity;end
    // Allowing start of Intent { act=android.intent.action.MAIN cat=[android.intent.category.LAUNCHER] cmp=br.com.golmobile.nypost.dev/com.wizeline.nypost.ui.NYPMainActivity } in package br.com.golmobile.nypost.dev
:Sending Touch (ACTION_DOWN): 0:(919.0,1285.0)
:Sending Touch (ACTION_UP): 0:(917.0105,1269.2898)
:Sending Touch (ACTION_DOWN): 0:(940.0,698.0)
:Sending Touch (ACTION_UP): 0:(940.7996,707.2689)
:Sending Trackball (ACTION_MOVE): 0:(-3.0,2.0)
:Sending Touch (ACTION_DOWN): 0:(481.0,261.0)
:Sending Touch (ACTION_UP): 0:(395.74133,226.64775)
:Sending Touch (ACTION_DOWN): 0:(154.0,149.0)
:Sending Touch (ACTION_UP): 0:(86.553894,98.95891)
:Sending Touch (ACTION_DOWN): 0:(570.0,923.0)
:Sending Touch (ACTION_UP): 0:(582.83167,922.0505)
:Sending Trackball (ACTION_MOVE): 0:(-3.0,4.0)
:Sending Touch (ACTION_DOWN): 0:(897.0,1180.0)
:Sending Touch (ACTION_UP): 0:(825.2582,1218.4241)
:Sending Touch (ACTION_DOWN): 0:(425.0,1027.0)
:Sending Touch (ACTION_UP): 0:(417.16284,1079.2915)
:Sending Trackball (ACTION_MOVE): 0:(4.0,0.0)
:Sending Trackball (ACTION_MOVE): 0:(1.0,0.0)
    //[calendar_time:2021-12-17 12:32:22.052  system_uptime:212704515]
    // Sending event #100
    // Allowing start of Intent { act=android.intent.action.MAIN cat=[android.intent.category.HOME] cmp=com.android.launcher3/.uioverrides.QuickstepLauncher } in package com.android.launcher3
    // Injection Failed
:Sending Touch (ACTION_DOWN): 0:(1038.0,85.0)
:Sending Touch (ACTION_UP): 0:(1038.7297,81.26516)
:Sending Touch (ACTION_DOWN): 0:(1047.0,14.0)
:Sending Touch (ACTION_UP): 0:(1049.008,9.752995)
:Sending Flip keyboardOpen=false
Got IOException performing flipjava.io.FileNotFoundException: /dev/input/event0: open failed: EACCES (Permission denied)
    // Injection Failed
:Sending Touch (ACTION_DOWN): 0:(45.0,939.0)
:Sending Touch (ACTION_UP): 0:(92.30261,891.499)
:Sending Touch (ACTION_DOWN): 0:(612.0,62.0)
:Sending Touch (ACTION_UP): 0:(612.3767,59.490993)
:Sending Touch (ACTION_DOWN): 0:(383.0,610.0)
:Sending Touch (ACTION_UP): 0:(376.47058,628.54535)
:Sending Touch (ACTION_DOWN): 0:(515.0,1282.0)
:Sending Touch (ACTION_UP): 0:(410.34024,1298.6992)
:Sending Touch (ACTION_DOWN): 0:(1023.0,329.0)
:Sending Touch (ACTION_UP): 0:(1024.9927,333.04596)
:Sending Touch (ACTION_DOWN): 0:(744.0,65.0)
:Sending Touch (ACTION_UP): 0:(748.1548,73.220345)
:Sending Touch (ACTION_DOWN): 0:(754.0,181.0)
:Sending Touch (ACTION_UP): 0:(747.0393,176.60425)
:Sending Touch (ACTION_DOWN): 0:(812.0,835.0)
:Sending Touch (ACTION_UP): 0:(796.41406,835.214)
:Sending Touch (ACTION_DOWN): 0:(748.0,630.0)
:Sending Touch (ACTION_UP): 0:(745.79614,629.9874)
:Sending Touch (ACTION_DOWN): 0:(427.0,751.0)
:Sending Touch (ACTION_UP): 0:(426.98434,761.1338)
:Sending Touch (ACTION_DOWN): 0:(638.0,311.0)
:Sending Touch (ACTION_UP): 0:(573.9568,385.7638)
:Sending Trackball (ACTION_MOVE): 0:(-4.0,3.0)
    //[calendar_time:2021-12-17 12:32:27.961  system_uptime:212710369]
    // Sending event #200
    //[calendar_time:2021-12-17 12:32:27.961  system_uptime:212710369]
    // Sending event #200
:Sending Touch (ACTION_DOWN): 0:(874.0,538.0)
:Sending Touch (ACTION_UP): 0:(977.3788,589.39246)
:Sending Touch (ACTION_DOWN): 0:(445.0,1043.0)
:Sending Touch (ACTION_UP): 0:(446.40344,1041.8094)
:Sending Touch (ACTION_DOWN): 0:(492.0,1241.0)
:Sending Touch (ACTION_UP): 0:(498.40677,1244.3137)
    // Allowing start of Intent { act=android.intent.action.MAIN cat=[android.intent.category.HOME] pkg=com.android.launcher3 cmp=com.android.launcher3/.uioverrides.QuickstepLauncher } in package com.android.launcher3
:Sending Touch (ACTION_DOWN): 0:(677.0,909.0)
:Sending Touch (ACTION_UP): 0:(678.7806,908.9312)
:Sending Touch (ACTION_DOWN): 0:(803.0,706.0)
:Sending Touch (ACTION_UP): 0:(796.9774,699.99066)
:Sending Touch (ACTION_DOWN): 0:(125.0,1557.0)
:Sending Touch (ACTION_UP): 0:(128.73573,1562.968)
:Sending Touch (ACTION_DOWN): 0:(591.0,493.0)
:Sending Touch (ACTION_UP): 0:(587.21313,412.16757)
:Sending Touch (ACTION_DOWN): 0:(17.0,206.0)
:Sending Touch (ACTION_UP): 0:(0.0,69.345955)
:Sending Touch (ACTION_DOWN): 0:(274.0,1149.0)
:Sending Touch (ACTION_UP): 0:(281.7723,1150.0463)
:Sending Touch (ACTION_DOWN): 0:(984.0,113.0)
:Sending Touch (ACTION_UP): 0:(978.7401,116.547554)
:Sending Touch (ACTION_DOWN): 0:(387.0,1631.0)
:Sending Touch (ACTION_UP): 0:(370.20013,1676.6183)
:Sending Touch (ACTION_DOWN): 0:(656.0,1213.0)
:Sending Touch (ACTION_UP): 0:(627.87415,1268.3038)
    // Rejecting start of Intent { act=android.settings.NOTIFICATION_SETTINGS cmp=com.android.settings/.Settings$ConfigureNotificationSettingsActivity } in package com.android.settings
:Sending Touch (ACTION_DOWN): 0:(703.0,408.0)
:Sending Touch (ACTION_UP): 0:(702.2964,407.28763)
:Switch: #Intent;action=android.intent.action.MAIN;category=android.intent.category.LAUNCHER;launchFlags=0x10200000;component=br.com.golmobile.nypost.dev/com.wizeline.nypost.ui.NYPMainActivity;end
    // Allowing start of Intent { act=android.intent.action.MAIN cat=[android.intent.category.LAUNCHER] cmp=br.com.golmobile.nypost.dev/com.wizeline.nypost.ui.NYPMainActivity } in package br.com.golmobile.nypost.dev
    //[calendar_time:2021-12-17 12:32:30.124  system_uptime:212712532]
    // Sending event #300
    //[calendar_time:2021-12-17 12:32:30.131  system_uptime:212712539]
    // Sending event #300
:Sending Touch (ACTION_DOWN): 0:(986.0,843.0)
:Sending Touch (ACTION_UP): 0:(987.51917,842.5119)
:Switch: #Intent;action=android.intent.action.MAIN;category=android.intent.category.LAUNCHER;launchFlags=0x10200000;component=br.com.golmobile.nypost.dev/com.wizeline.nypost.ui.NYPMainActivity;end
    // Allowing start of Intent { act=android.intent.action.MAIN cat=[android.intent.category.LAUNCHER] cmp=br.com.golmobile.nypost.dev/com.wizeline.nypost.ui.NYPMainActivity } in package br.com.golmobile.nypost.dev
:Sending Touch (ACTION_DOWN): 0:(87.0,361.0)
:Sending Touch (ACTION_UP): 0:(9.920967,298.42303)
:Sending Trackball (ACTION_MOVE): 0:(-1.0,1.0)
:Sending Trackball (ACTION_MOVE): 0:(3.0,3.0)
:Sending Touch (ACTION_DOWN): 0:(586.0,873.0)
:Sending Touch (ACTION_UP): 0:(585.75964,874.5579)
:Sending Trackball (ACTION_MOVE): 0:(-3.0,-3.0)
:Sending Trackball (ACTION_UP): 0:(0.0,0.0)
:Sending Touch (ACTION_DOWN): 0:(921.0,1296.0)
:Sending Touch (ACTION_UP): 0:(939.6377,1383.5833)
:Sending Touch (ACTION_DOWN): 0:(630.0,1083.0)
:Sending Touch (ACTION_UP): 0:(607.83264,1084.5614)
:Sending Trackball (ACTION_MOVE): 0:(-5.0,4.0)
:Sending Trackball (ACTION_MOVE): 0:(1.0,2.0)
    //[calendar_time:2021-12-17 12:32:32.056  system_uptime:212714464]
    // Sending event #400
:Sending Touch (ACTION_DOWN): 0:(753.0,382.0)
:Sending Touch (ACTION_UP): 0:(679.8366,343.2926)
    // Rejecting start of Intent { act=android.intent.action.CALL_BUTTON cmp=com.android.dialer/.main.impl.MainActivity } in package com.android.dialer
:Sending Trackball (ACTION_MOVE): 0:(1.0,0.0)
:Sending Trackball (ACTION_MOVE): 0:(2.0,-2.0)
:Sending Touch (ACTION_DOWN): 0:(557.0,1151.0)
:Sending Touch (ACTION_UP): 0:(543.64874,1178.0822)
:Sending Touch (ACTION_DOWN): 0:(68.0,668.0)
:Sending Touch (ACTION_UP): 0:(63.025856,651.3897)
:Sending Touch (ACTION_DOWN): 0:(351.0,1272.0)
:Sending Touch (ACTION_UP): 0:(344.94452,1282.7794)
:Sending Touch (ACTION_DOWN): 0:(113.0,1191.0)
:Sending Touch (ACTION_UP): 0:(63.1027,1144.6647)
:Sending Touch (ACTION_DOWN): 0:(530.0,250.0)
:Sending Touch (ACTION_UP): 0:(533.65155,250.34888)
    // Rejecting start of Intent { act=android.settings.NOTIFICATION_SETTINGS cmp=com.android.settings/.Settings$ConfigureNotificationSettingsActivity } in package com.android.settings
:Sending Trackball (ACTION_MOVE): 0:(-3.0,1.0)
:Sending Touch (ACTION_DOWN): 0:(240.0,928.0)
:Sending Touch (ACTION_UP): 0:(284.55878,966.1404)
    //[calendar_time:2021-12-17 12:32:33.353  system_uptime:212715761]
    // Sending event #500
    //[calendar_time:2021-12-17 12:32:33.355  system_uptime:212715763]
    // Sending event #500
:Sending Touch (ACTION_DOWN): 0:(400.0,1381.0)
:Sending Touch (ACTION_UP): 0:(400.0167,1383.7393)
:Sending Touch (ACTION_DOWN): 0:(859.0,40.0)
:Sending Touch (ACTION_UP): 0:(894.49554,0.0)
:Sending Trackball (ACTION_MOVE): 0:(3.0,2.0)
:Sending Trackball (ACTION_MOVE): 0:(3.0,1.0)
:Sending Touch (ACTION_DOWN): 0:(944.0,1029.0)
:Sending Touch (ACTION_UP): 0:(970.48895,988.95624)
:Sending Trackball (ACTION_MOVE): 0:(2.0,-2.0)
:Switch: #Intent;action=android.intent.action.MAIN;category=android.intent.category.LAUNCHER;launchFlags=0x10200000;component=br.com.golmobile.nypost.dev/com.wizeline.nypost.ui.NYPMainActivity;end
    // Allowing start of Intent { act=android.intent.action.MAIN cat=[android.intent.category.LAUNCHER] cmp=br.com.golmobile.nypost.dev/com.wizeline.nypost.ui.NYPMainActivity } in package br.com.golmobile.nypost.dev
:Sending Trackball (ACTION_MOVE): 0:(-1.0,2.0)
:Sending Touch (ACTION_DOWN): 0:(718.0,10.0)
:Sending Touch (ACTION_UP): 0:(711.06854,5.473607)
:Sending Touch (ACTION_DOWN): 0:(722.0,313.0)
:Sending Touch (ACTION_UP): 0:(722.01733,312.27603)
:Sending Trackball (ACTION_MOVE): 0:(4.0,4.0)
    //[calendar_time:2021-12-17 12:32:34.337  system_uptime:212716746]
    // Sending event #600
:Sending Trackball (ACTION_UP): 0:(0.0,0.0)
:Switch: #Intent;action=android.intent.action.MAIN;category=android.intent.category.LAUNCHER;launchFlags=0x10200000;component=br.com.golmobile.nypost.dev/com.wizeline.nypost.ui.NYPMainActivity;end
    // Allowing start of Intent { act=android.intent.action.MAIN cat=[android.intent.category.LAUNCHER] cmp=br.com.golmobile.nypost.dev/com.wizeline.nypost.ui.NYPMainActivity } in package br.com.golmobile.nypost.dev
:Sending Touch (ACTION_DOWN): 0:(550.0,286.0)
:Sending Touch (ACTION_UP): 0:(510.2504,268.91333)
:Sending Touch (ACTION_DOWN): 0:(955.0,1365.0)
:Sending Touch (ACTION_UP): 0:(937.52527,1378.7383)
:Sending Trackball (ACTION_MOVE): 0:(0.0,-3.0)
:Sending Touch (ACTION_DOWN): 0:(513.0,409.0)
:Sending Touch (ACTION_UP): 0:(466.51505,377.188)
:Sending Touch (ACTION_DOWN): 0:(743.0,1704.0)
:Sending Touch (ACTION_UP): 0:(739.21545,1721.1368)
:Sending Trackball (ACTION_MOVE): 0:(-1.0,3.0)
:Sending Trackball (ACTION_MOVE): 0:(2.0,-4.0)
:Sending Trackball (ACTION_MOVE): 0:(-3.0,-3.0)
    //[calendar_time:2021-12-17 12:32:35.243  system_uptime:212717652]
    // Sending event #700
    //[calendar_time:2021-12-17 12:32:35.244  system_uptime:212717652]
    // Sending event #700
:Sending Trackball (ACTION_MOVE): 0:(-3.0,-3.0)
:Sending Touch (ACTION_DOWN): 0:(984.0,253.0)
:Sending Touch (ACTION_UP): 0:(983.88025,252.70755)
:Sending Trackball (ACTION_MOVE): 0:(0.0,-5.0)
:Sending Trackball (ACTION_MOVE): 0:(-5.0,-3.0)
:Sending Touch (ACTION_DOWN): 0:(917.0,669.0)
:Sending Touch (ACTION_UP): 0:(933.7345,656.33014)
:Sending Trackball (ACTION_MOVE): 0:(3.0,3.0)
:Sending Trackball (ACTION_MOVE): 0:(1.0,-3.0)
:Sending Touch (ACTION_DOWN): 0:(452.0,915.0)
:Sending Touch (ACTION_UP): 0:(449.89673,922.8347)
:Sending Touch (ACTION_DOWN): 0:(780.0,1168.0)
:Sending Touch (ACTION_UP): 0:(765.6594,1171.5577)
:Sending Trackball (ACTION_MOVE): 0:(-1.0,-3.0)
:Sending Touch (ACTION_DOWN): 0:(492.0,1334.0)
:Sending Touch (ACTION_UP): 0:(491.1367,1334.8555)
:Sending Trackball (ACTION_MOVE): 0:(2.0,1.0)
:Sending Trackball (ACTION_MOVE): 0:(1.0,1.0)
    //[calendar_time:2021-12-17 12:32:36.521  system_uptime:212718929]
    // Sending event #800
:Sending Trackball (ACTION_MOVE): 0:(0.0,1.0)
:Sending Touch (ACTION_DOWN): 0:(670.0,480.0)
:Sending Touch (ACTION_UP): 0:(676.47314,461.0851)
:Sending Touch (ACTION_DOWN): 0:(198.0,66.0)
:Sending Touch (ACTION_UP): 0:(203.04865,51.957626)
:Sending Trackball (ACTION_MOVE): 0:(-3.0,-5.0)
:Sending Touch (ACTION_DOWN): 0:(683.0,478.0)
:Sending Touch (ACTION_UP): 0:(680.6222,475.39822)
:Sending Touch (ACTION_DOWN): 0:(877.0,7.0)
:Sending Touch (ACTION_UP): 0:(877.2668,0.0)
:Sending Touch (ACTION_DOWN): 0:(874.0,258.0)
:Sending Touch (ACTION_UP): 0:(876.536,257.37534)
:Sending Touch (ACTION_DOWN): 0:(315.0,1260.0)
:Sending Touch (ACTION_UP): 0:(315.06998,1253.5671)
:Sending Touch (ACTION_DOWN): 0:(936.0,1076.0)
:Sending Touch (ACTION_UP): 0:(908.4704,1006.94)
:Sending Touch (ACTION_DOWN): 0:(981.0,1502.0)
:Sending Touch (ACTION_UP): 0:(984.8766,1500.6393)
:Sending Trackball (ACTION_MOVE): 0:(2.0,-2.0)
:Sending Touch (ACTION_DOWN): 0:(883.0,772.0)
:Sending Touch (ACTION_UP): 0:(883.1881,773.5955)
:Sending Trackball (ACTION_MOVE): 0:(0.0,0.0)
    //[calendar_time:2021-12-17 12:32:37.972  system_uptime:212720381]
    // Sending event #900
. StdErr: args: [-p, br.com.golmobile.nypost.dev, -v, 1000, --throttle, 5000, -c, android.intent.category.MONKEY, -c, android.intent.category.LAUNCHER, c, android.intent.category.DEFAULT, --monitor-native-crashes, --kill-process-after-error, --pct-syskeys, 0, --pct-appswitch, 0, --pct-majornav, 50, -v, -v, -v]
 arg: "-p"
 arg: "br.com.golmobile.nypost.dev"
 arg: "-v"
 arg: "1000"
 arg: "--throttle"
 arg: "5000"
 arg: "-c"
 arg: "android.intent.category.MONKEY"
 arg: "-c"
 arg: "android.intent.category.LAUNCHER"
 arg: "c"
 arg: "android.intent.category.DEFAULT"
 arg: "--monitor-native-crashes"
 arg: "--kill-process-after-error"
 arg: "--pct-syskeys"
 arg: "0"
 arg: "--pct-appswitch"
 arg: "0"
 arg: "--pct-majornav"
 arg: "50"
 arg: "-v"
 arg: "-v"
 arg: "-v"
data="br.com.golmobile.nypost.dev"

Build info: version: '3.141.59', revision: 'e82be7d358', time: '2018-11-14T08:17:03'
System info: host: 'EPINCHEW000B', ip: '192.168.0.116', os.name: 'Windows 10', os.arch: 'amd64', os.version: '10.0', java.version: '15.0.2'
Driver info: io.appium.java_client.android.AndroidDriver
Capabilities {app: C:\Users\Charlie_Pradeep\Do..., appPackage: br.com.golmobile.nypost.dev, appWaitForLaunch: true, autoGrantPermissions: true, automationName: UiAutomator2, avd: New_Device_API_30, avdLaunchTimeout: 200000, databaseEnabled: false, desired: {app: C:\Users\Charlie_Pradeep\Do..., appPackage: br.com.golmobile.nypost.dev, appWaitForLaunch: true, autoGrantPermissions: true, automationName: UiAutomator2, avd: New_Device_API_30, avdLaunchTimeout: 200000, deviceName: New_Device_API_30, platformName: android, udid: emulator-5554}, deviceApiLevel: 30, deviceManufacturer: unknown, deviceModel: Android SDK built for x86, deviceName: emulator-5554, deviceScreenDensity: 480, deviceScreenSize: 1080x1920, deviceUDID: emulator-5554, javascriptEnabled: true, locationContextEnabled: false, networkConnectionEnabled: true, pixelRatio: 3, platform: LINUX, platformName: Android, platformVersion: 11, statBarHeight: 72, takesScreenshot: true, udid: emulator-5554, viewportRect: {height: 1704, left: 0, top: 72, width: 1080}, warnings: {}, webStorageEnabled: false}
Session ID: a368270c-0691-4fa3-866d-ded9831de978
	at java.base/jdk.internal.reflect.NativeConstructorAccessorImpl.newInstance0(Native Method)
	at java.base/jdk.internal.reflect.NativeConstructorAccessorImpl.newInstance(NativeConstructorAccessorImpl.java:64)
	at java.base/jdk.internal.reflect.DelegatingConstructorAccessorImpl.newInstance(DelegatingConstructorAccessorImpl.java:45)
	at java.base/java.lang.reflect.Constructor.newInstanceWithCaller(Constructor.java:500)
	at java.base/java.lang.reflect.Constructor.newInstance(Constructor.java:481)
	at org.openqa.selenium.remote.http.W3CHttpResponseCodec.createException(W3CHttpResponseCodec.java:187)
	at org.openqa.selenium.remote.http.W3CHttpResponseCodec.decode(W3CHttpResponseCodec.java:122)
	at org.openqa.selenium.remote.http.W3CHttpResponseCodec.decode(W3CHttpResponseCodec.java:49)
	at org.openqa.selenium.remote.HttpCommandExecutor.execute(HttpCommandExecutor.java:158)
	at io.appium.java_client.remote.AppiumCommandExecutor.execute(AppiumCommandExecutor.java:250)
	at org.openqa.selenium.remote.RemoteWebDriver.execute(RemoteWebDriver.java:552)
	at io.appium.java_client.DefaultGenericMobileDriver.execute(DefaultGenericMobileDriver.java:41)
	at io.appium.java_client.AppiumDriver.execute(AppiumDriver.java:1)
	at io.appium.java_client.android.AndroidDriver.execute(AndroidDriver.java:1)
	at org.openqa.selenium.remote.RemoteWebDriver.executeScript(RemoteWebDriver.java:489)
	at com.qa.tests.MonkeyADBShell.ADBShellMonkeyTest(MonkeyADBShell.java:85)
</failure>
    <system-out>1
[INFO ] 2021-12-17 12:31:58.830 base.BaseTest:187 - Appium server already running
Java(TM) SE Runtime Environment (build 15.0.2+7-27)
null
[INFO ] 2021-12-17 12:31:59.099 base.BaseTest:271 - log path: logs\Android_New_Device_API_30
[INFO ] 2021-12-17 12:31:59.100 base.BaseTest:278 - load config.properties
[INFO ] 2021-12-17 12:31:59.108 base.BaseTest:315 - appUrl isC:\Users\Charlie_Pradeep\Documents\mytest\src\test\resources\app\nypostGoogleNewDesign.apk
[INFO ] 2021-12-17 12:32:14.204 base.BaseTest:341 - driver initialized: io.appium.java_client.android.AndroidDriver, Capabilities: {app=C:\Users\Charlie_Pradeep\Documents\mytest\src\test\resources\app\nypostGoogleNewDesign.apk, appPackage=br.com.golmobile.nypost.dev, appWaitForLaunch=true, autoGrantPermissions=true, automationName=UiAutomator2, avd=New_Device_API_30, avdLaunchTimeout=200000, databaseEnabled=false, desired={platformName=android, appWaitForLaunch=true, app=C:\Users\Charlie_Pradeep\Documents\mytest\src\test\resources\app\nypostGoogleNewDesign.apk, appPackage=br.com.golmobile.nypost.dev, autoGrantPermissions=true, automationName=UiAutomator2, avd=New_Device_API_30, avdLaunchTimeout=200000, deviceName=New_Device_API_30, udid=emulator-5554}, deviceApiLevel=30, deviceManufacturer=unknown, deviceModel=Android SDK built for x86, deviceName=emulator-5554, deviceScreenDensity=480, deviceScreenSize=1080x1920, deviceUDID=emulator-5554, javascriptEnabled=true, locationContextEnabled=false, networkConnectionEnabled=true, pixelRatio=3, platform=LINUX, platformName=Android, platformVersion=11, statBarHeight=72, takesScreenshot=true, udid=emulator-5554, viewportRect={left=0, top=72, width=1080, height=1704}, warnings={}, webStorageEnabled=false}
[INFO ] 2021-12-17 12:32:15.935 com.qa.tests.MonkeyADBShell:46 - 
****** starting test:ADBShellMonkeyTest******

Directory: C:\Users\Charlie_Pradeep\Documents\mytest\TestReport
Directory already exists: C:\Users\Charlie_Pradeep\Documents\mytest\TestReport
[INFO ] 2021-12-17 12:32:16.788 com.qa.tests.MonkeyADBShell:62 - 
****** Initial Steps Completed Successfully******

[INFO ] 2021-12-17 12:32:16.790 com.qa.tests.MonkeyADBShell:63 - 
****** ADB shell Monkey Test Started ******

</system-out>
    <system-err>Dec 17, 2021 12:32:14 PM io.appium.java_client.remote.AppiumCommandExecutor$1 lambda$0
INFO: Detected dialect: W3C
</system-err>
  </testcase>
</testsuite>